[     771ms] [WARNING] [DEPRECATED] atomFamily is deprecated and will be removed in v3. Please use the `jotai-family` package instead: https://github.com/jotaijs/jotai-family @ https://railway.com/_next/static/chunks/pages/_app-45dc587c886926c6.js:3
[     844ms] [WARNING] In React 18, SSRProvider is not necessary and is a noop. You can remove it from your app. @ https://railway.com/_next/static/chunks/pages/_app-45dc587c886926c6.js:7
[  111667ms] The operation either timed out or was not allowed. See: https://www.w3.org/TR/webauthn-2/#sctn-privacy-considerations-client.
[  133711ms] [WARNING] [DEPRECATED] atomFamily is deprecated and will be removed in v3. Please use the `jotai-family` package instead: https://github.com/jotaijs/jotai-family @ https://railway.com/_next/static/chunks/pages/_app-45dc587c886926c6.js:3
[  133768ms] [WARNING] In React 18, SSRProvider is not necessary and is a noop. You can remove it from your app. @ https://railway.com/_next/static/chunks/pages/_app-45dc587c886926c6.js:7
[  134123ms] [ERROR] Error: <svg> attribute viewBox: Expected number, "0 0 100% 100%". @ https://railway.com/_next/static/chunks/framework-de9806e98e3b3323.js:0
[  134124ms] [ERROR] Error: <svg> attribute viewBox: Expected number, "0 0 100% 100%". @ https://railway.com/_next/static/chunks/framework-de9806e98e3b3323.js:0
[  134124ms] [ERROR] Error: <svg> attribute viewBox: Expected number, "0 0 100% 100%". @ https://railway.com/_next/static/chunks/framework-de9806e98e3b3323.js:0
[  134124ms] [ERROR] Error: <svg> attribute viewBox: Expected number, "0 0 100% 100%". @ https://railway.com/_next/static/chunks/framework-de9806e98e3b3323.js:0
[  134124ms] [ERROR] Error: <svg> attribute viewBox: Expected number, "0 0 100% 100%". @ https://railway.com/_next/static/chunks/framework-de9806e98e3b3323.js:0
[  134124ms] [ERROR] Error: <svg> attribute viewBox: Expected number, "0 0 100% 100%". @ https://railway.com/_next/static/chunks/framework-de9806e98e3b3323.js:0
[  134124ms] [ERROR] Error: <svg> attribute viewBox: Expected number, "0 0 100% 100%". @ https://railway.com/_next/static/chunks/framework-de9806e98e3b3323.js:0
[  134124ms] [ERROR] Error: <svg> attribute viewBox: Expected number, "0 0 100% 100%". @ https://railway.com/_next/static/chunks/framework-de9806e98e3b3323.js:0
[  134124ms] [ERROR] Error: <svg> attribute viewBox: Expected number, "0 0 100% 100%". @ https://railway.com/_next/static/chunks/framework-de9806e98e3b3323.js:0
[  185277ms] [ERROR] Error: <svg> attribute viewBox: Expected number, "0 0 100% 129px". @ https://cmp.osano.com/qVHEV4lSSU/738deb1e-f024-459e-ae0a-2e6a0d461ea8/osano.js:0
[  186897ms] [ERROR] Error: <svg> attribute viewBox: Expected number, "0 0 100% 64". @ https://cmp.osano.com/qVHEV4lSSU/738deb1e-f024-459e-ae0a-2e6a0d461ea8/osano.js:0
[  193977ms] [ERROR] Error: <svg> attribute viewBox: Expected number, "0 0 100% 46px". @ https://cmp.osano.com/qVHEV4lSSU/738deb1e-f024-459e-ae0a-2e6a0d461ea8/osano.js:0
[  281543ms] [ERROR] Error: <svg> attribute viewBox: Expected number, "0 0 100% 64". @ https://cmp.osano.com/qVHEV4lSSU/738deb1e-f024-459e-ae0a-2e6a0d461ea8/osano.js:0
[  290765ms] [ERROR] Error: <svg> attribute viewBox: Expected number, "0 0 260px 20px". @ https://cmp.osano.com/qVHEV4lSSU/738deb1e-f024-459e-ae0a-2e6a0d461ea8/osano.js:0
[  450878ms] [ERROR] Error: <svg> attribute viewBox: Expected number, "0 0 100% 64". @ https://cmp.osano.com/qVHEV4lSSU/738deb1e-f024-459e-ae0a-2e6a0d461ea8/osano.js:0
[  451166ms] [ERROR] Error: <svg> attribute viewBox: Expected number, "0 0 100% 64". @ https://cmp.osano.com/qVHEV4lSSU/738deb1e-f024-459e-ae0a-2e6a0d461ea8/osano.js:0
[  451324ms] [ERROR] Error: <svg> attribute viewBox: Expected number, "0 0 100% 64". @ https://cmp.osano.com/qVHEV4lSSU/738deb1e-f024-459e-ae0a-2e6a0d461ea8/osano.js:0
[  499029ms] [ERROR] Error: <svg> attribute viewBox: Expected number, "0 0 100% 64". @ https://cmp.osano.com/qVHEV4lSSU/738deb1e-f024-459e-ae0a-2e6a0d461ea8/osano.js:0
[  508969ms] [ERROR] Error: <svg> attribute viewBox: Expected number, "0 0 100% 64". @ https://cmp.osano.com/qVHEV4lSSU/738deb1e-f024-459e-ae0a-2e6a0d461ea8/osano.js:0
[  582357ms] [ERROR] Error: <svg> attribute viewBox: Expected number, "0 0 100% 64". @ https://cmp.osano.com/qVHEV4lSSU/738deb1e-f024-459e-ae0a-2e6a0d461ea8/osano.js:0
